ImagenesFroxa/app/build/intermediates/manifest_merge_blame_file/release/processReleaseMainManifest/manifest-merger-blame-release-report.txt
1<?xml version="1.0" encoding="utf-8"?>
2<manifest xmlns:android="http://schemas.android.com/apk/res/android"
3    package="suzdalenko.froxa"
4    android:versionCode="1"
5    android:versionName="1.0" >
6
7    <uses-sdk
8        android:minSdkVersion="24"
9        android:targetSdkVersion="34" />
10
11    <uses-feature
11-->src\main\AndroidManifest.xml:5:5-7:36
12        android:name="android.hardware.camera"
12-->src\main\AndroidManifest.xml:6:9-47
13        android:required="false" />
13-->src\main\AndroidManifest.xml:7:9-33
14
15    <uses-permission android:name="android.permission.INTERNET" />
15-->src\main\AndroidManifest.xml:9:5-67
15-->src\main\AndroidManifest.xml:9:22-64
16    <uses-permission android:name="android.permission.RECEIVE_BOOT_COMPLETED" />
16-->src\main\AndroidManifest.xml:10:5-81
16-->src\main\AndroidManifest.xml:10:22-78
17    <uses-permission android:name="android.permission.SYSTEM_ALERT_WINDOW" />
17-->src\main\AndroidManifest.xml:11:5-78
17-->src\main\AndroidManifest.xml:11:22-75
18    <uses-permission android:name="android.permission.CAMERA" />
18-->src\main\AndroidManifest.xml:12:5-65
18-->src\main\AndroidManifest.xml:12:22-62
19    <uses-permission android:name="android.permission.WRITE_EXTERNAL_STORAGE" />
19-->src\main\AndroidManifest.xml:13:5-81
19-->src\main\AndroidManifest.xml:13:22-78
20    <uses-permission android:name="android.permission.READ_EXTERNAL_STORAGE" />
20-->src\main\AndroidManifest.xml:14:5-80
20-->src\main\AndroidManifest.xml:14:22-77
21    <uses-permission android:name="android.permission.FOREGROUND_SERVICE" />
21-->src\main\AndroidManifest.xml:15:5-77
21-->src\main\AndroidManifest.xml:15:22-74
22    <uses-permission android:name="android.permission.FOREGROUND_SERVICE_CAMERA" />
22-->src\main\AndroidManifest.xml:16:5-84
22-->src\main\AndroidManifest.xml:16:22-81
23    <uses-permission android:name="android.permission.WAKE_LOCK" />
23-->src\main\AndroidManifest.xml:17:5-68
23-->src\main\AndroidManifest.xml:17:22-65
24
25    <permission
25-->[androidx.core:core:1.13.1] AndroidManifest.xml:22:5-24:47
26        android:name="suzdalenko.froxa.DYNAMIC_RECEIVER_NOT_EXPORTED_PERMISSION"
26-->[androidx.core:core:1.13.1] AndroidManifest.xml:23:9-81
27        android:protectionLevel="signature" />
27-->[androidx.core:core:1.13.1] AndroidManifest.xml:24:9-44
28
29    <uses-permission android:name="suzdalenko.froxa.DYNAMIC_RECEIVER_NOT_EXPORTED_PERMISSION" />
29-->[androidx.core:core:1.13.1] AndroidManifest.xml:26:5-97
29-->[androidx.core:core:1.13.1] AndroidManifest.xml:26:22-94
30
31    <application
31-->src\main\AndroidManifest.xml:19:5-94:19
32        android:name="suzdalenko.froxa.util.MyApp"
32-->src\main\AndroidManifest.xml:20:9-35
33        android:allowBackup="true"
33-->src\main\AndroidManifest.xml:21:9-35
34        android:appComponentFactory="androidx.core.app.CoreComponentFactory"
34-->[androidx.core:core:1.13.1] AndroidManifest.xml:28:18-86
35        android:dataExtractionRules="@xml/data_extraction_rules"
35-->src\main\AndroidManifest.xml:22:9-65
36        android:extractNativeLibs="false"
37        android:fullBackupContent="@xml/backup_rules"
37-->src\main\AndroidManifest.xml:23:9-54
38        android:icon="@mipmap/ic_launcher"
38-->src\main\AndroidManifest.xml:24:9-43
39        android:label="@string/app_name"
39-->src\main\AndroidManifest.xml:25:9-41
40        android:roundIcon="@mipmap/ic_launcher_round"
40-->src\main\AndroidManifest.xml:26:9-54
41        android:supportsRtl="true"
41-->src\main\AndroidManifest.xml:27:9-35
42        android:theme="@style/Theme.FroxaImagenes"
42-->src\main\AndroidManifest.xml:28:9-51
43        android:usesCleartextTraffic="false" >
43-->src\main\AndroidManifest.xml:29:9-45
44        <uses-library
44-->src\main\AndroidManifest.xml:31:9-33:40
45            android:name="org.apache.http.legacy"
45-->src\main\AndroidManifest.xml:32:13-50
46            android:required="false" />
46-->src\main\AndroidManifest.xml:33:13-37
47
48        <meta-data
48-->src\main\AndroidManifest.xml:35:9-37:69
49            android:name="androidx.camera.default.impl"
49-->src\main\AndroidManifest.xml:36:13-56
50            android:value="androidx.camera.camera2.Camera2Config" />
50-->src\main\AndroidManifest.xml:37:13-66
51
52        <provider
53            android:name="androidx.core.content.FileProvider"
53-->src\main\AndroidManifest.xml:40:13-62
54            android:authorities="suzdalenko.froxa.fileprovider"
54-->src\main\AndroidManifest.xml:41:13-64
55            android:exported="false"
55-->src\main\AndroidManifest.xml:42:13-37
56            android:grantUriPermissions="true" >
56-->src\main\AndroidManifest.xml:43:13-47
57            <meta-data
57-->src\main\AndroidManifest.xml:44:13-46:54
58                android:name="android.support.FILE_PROVIDER_PATHS"
58-->src\main\AndroidManifest.xml:45:17-67
59                android:resource="@xml/file_paths" />
59-->src\main\AndroidManifest.xml:46:17-51
60        </provider>
61
62        <activity
62-->src\main\AndroidManifest.xml:49:9-52:47
63            android:name="suzdalenko.froxa.ui.Camara"
63-->src\main\AndroidManifest.xml:50:13-38
64            android:configChanges="screenSize|smallestScreenSize|screenLayout|orientation"
64-->src\main\AndroidManifest.xml:49:19-97
65            android:exported="false"
65-->src\main\AndroidManifest.xml:51:13-37
66            android:launchMode="singleTask"
66-->src\main\AndroidManifest.xml:52:13-44
67            android:supportsPictureInPicture="true" />
67-->src\main\AndroidManifest.xml:49:98-137
68        <activity
68-->src\main\AndroidManifest.xml:53:9-56:58
69            android:name="suzdalenko.froxa.dontuse.AutoCaptureActivity"
69-->src\main\AndroidManifest.xml:54:13-56
70            android:exported="false"
70-->src\main\AndroidManifest.xml:55:13-37
71            android:theme="@style/Theme.FroxaImagenes" />
71-->src\main\AndroidManifest.xml:56:13-55
72        <activity
72-->src\main\AndroidManifest.xml:57:9-64:20
73            android:name="suzdalenko.froxa.ui.MainActivity"
73-->src\main\AndroidManifest.xml:58:13-44
74            android:exported="true" >
74-->src\main\AndroidManifest.xml:59:13-36
75            <intent-filter>
75-->src\main\AndroidManifest.xml:60:13-63:29
76                <action android:name="android.intent.action.MAIN" />
76-->src\main\AndroidManifest.xml:61:17-69
76-->src\main\AndroidManifest.xml:61:25-66
77
78                <category android:name="android.intent.category.LAUNCHER" />
78-->src\main\AndroidManifest.xml:62:17-77
78-->src\main\AndroidManifest.xml:62:27-74
79            </intent-filter>
80        </activity>
81
82        <receiver
82-->src\main\AndroidManifest.xml:66:9-75:20
83            android:name="suzdalenko.froxa.receiver.BootReceiver"
83-->src\main\AndroidManifest.xml:67:13-50
84            android:enabled="true"
84-->src\main\AndroidManifest.xml:68:13-35
85            android:exported="true" >
85-->src\main\AndroidManifest.xml:69:13-36
86            <intent-filter>
86-->src\main\AndroidManifest.xml:70:13-74:29
87                <action android:name="android.intent.action.BOOT_COMPLETED" />
87-->src\main\AndroidManifest.xml:71:17-79
87-->src\main\AndroidManifest.xml:71:25-76
88
89                <category android:name="android.intent.category.DEFAULT" />
89-->src\main\AndroidManifest.xml:73:17-76
89-->src\main\AndroidManifest.xml:73:27-73
90            </intent-filter>
91        </receiver>
92        <receiver
92-->src\main\AndroidManifest.xml:76:9-84:20
93            android:name="suzdalenko.froxa.receiver.PrimerPlanoReceiver"
93-->src\main\AndroidManifest.xml:77:13-57
94            android:enabled="true"
94-->src\main\AndroidManifest.xml:78:13-35
95            android:exported="true"
95-->src\main\AndroidManifest.xml:79:13-36
96            android:permission="TODO" >
96-->src\main\AndroidManifest.xml:80:13-38
97            <intent-filter>
97-->src\main\AndroidManifest.xml:81:13-83:29
98                <action android:name="com.example.ACTION_EVENT" />
98-->src\main\AndroidManifest.xml:82:17-67
98-->src\main\AndroidManifest.xml:82:25-64
99            </intent-filter>
100        </receiver>
101
102        <service
102-->src\main\AndroidManifest.xml:86:9-89:54
103            android:name="suzdalenko.froxa.service.UploadFileService"
103-->src\main\AndroidManifest.xml:87:13-54
104            android:exported="false"
104-->src\main\AndroidManifest.xml:88:13-37
105            android:foregroundServiceType="camera" />
105-->src\main\AndroidManifest.xml:89:13-51
106        <service
106-->src\main\AndroidManifest.xml:90:9-93:54
107            android:name="suzdalenko.froxa.service.CreateFotoService"
107-->src\main\AndroidManifest.xml:91:13-54
108            android:exported="false"
108-->src\main\AndroidManifest.xml:92:13-37
109            android:foregroundServiceType="camera" />
109-->src\main\AndroidManifest.xml:93:13-51
110        <service
110-->[androidx.camera:camera-camera2:1.3.4] AndroidManifest.xml:24:9-33:19
111            android:name="androidx.camera.core.impl.MetadataHolderService"
111-->[androidx.camera:camera-camera2:1.3.4] AndroidManifest.xml:25:13-75
112            android:enabled="false"
112-->[androidx.camera:camera-camera2:1.3.4] AndroidManifest.xml:26:13-36
113            android:exported="false" >
113-->[androidx.camera:camera-camera2:1.3.4] AndroidManifest.xml:27:13-37
114            <meta-data
114-->[androidx.camera:camera-camera2:1.3.4] AndroidManifest.xml:30:13-32:89
115                android:name="androidx.camera.core.impl.MetadataHolderService.DEFAULT_CONFIG_PROVIDER"
115-->[androidx.camera:camera-camera2:1.3.4] AndroidManifest.xml:31:17-103
116                android:value="androidx.camera.camera2.Camera2Config$DefaultProvider" />
116-->[androidx.camera:camera-camera2:1.3.4] AndroidManifest.xml:32:17-86
117        </service>
118
119        <provider
119-->[androidx.emoji2:emoji2:1.3.0] AndroidManifest.xml:24:9-32:20
120            android:name="androidx.startup.InitializationProvider"
120-->[androidx.emoji2:emoji2:1.3.0] AndroidManifest.xml:25:13-67
121            android:authorities="suzdalenko.froxa.androidx-startup"
121-->[androidx.emoji2:emoji2:1.3.0] AndroidManifest.xml:26:13-68
122            android:exported="false" >
122-->[androidx.emoji2:emoji2:1.3.0] AndroidManifest.xml:27:13-37
123            <meta-data
123-->[androidx.emoji2:emoji2:1.3.0] AndroidManifest.xml:29:13-31:52
124                android:name="androidx.emoji2.text.EmojiCompatInitializer"
124-->[androidx.emoji2:emoji2:1.3.0] AndroidManifest.xml:30:17-75
125                android:value="androidx.startup" />
125-->[androidx.emoji2:emoji2:1.3.0] AndroidManifest.xml:31:17-49
126            <meta-data
126-->[androidx.lifecycle:lifecycle-process:2.6.2] AndroidManifest.xml:29:13-31:52
127                android:name="androidx.lifecycle.ProcessLifecycleInitializer"
127-->[androidx.lifecycle:lifecycle-process:2.6.2] AndroidManifest.xml:30:17-78
128                android:value="androidx.startup" />
128-->[androidx.lifecycle:lifecycle-process:2.6.2] AndroidManifest.xml:31:17-49
129            <meta-data
129-->[androidx.profileinstaller:profileinstaller:1.3.1] AndroidManifest.xml:29:13-31:52
130                android:name="androidx.profileinstaller.ProfileInstallerInitializer"
130-->[androidx.profileinstaller:profileinstaller:1.3.1] AndroidManifest.xml:30:17-85
131                android:value="androidx.startup" />
131-->[androidx.profileinstaller:profileinstaller:1.3.1] AndroidManifest.xml:31:17-49
132        </provider>
133
134        <uses-library
134-->[androidx.window:window:1.0.0] AndroidManifest.xml:25:9-27:40
135            android:name="androidx.window.extensions"
135-->[androidx.window:window:1.0.0] AndroidManifest.xml:26:13-54
136            android:required="false" />
136-->[androidx.window:window:1.0.0] AndroidManifest.xml:27:13-37
137        <uses-library
137-->[androidx.window:window:1.0.0] AndroidManifest.xml:28:9-30:40
138            android:name="androidx.window.sidecar"
138-->[androidx.window:window:1.0.0] AndroidManifest.xml:29:13-51
139            android:required="false" />
139-->[androidx.window:window:1.0.0] AndroidManifest.xml:30:13-37
140
141        <receiver
141-->[androidx.profileinstaller:profileinstaller:1.3.1] AndroidManifest.xml:34:9-52:20
142            android:name="androidx.profileinstaller.ProfileInstallReceiver"
142-->[androidx.profileinstaller:profileinstaller:1.3.1] AndroidManifest.xml:35:13-76
143            android:directBootAware="false"
143-->[androidx.profileinstaller:profileinstaller:1.3.1] AndroidManifest.xml:36:13-44
144            android:enabled="true"
144-->[androidx.profileinstaller:profileinstaller:1.3.1] AndroidManifest.xml:37:13-35
145            android:exported="true"
145-->[androidx.profileinstaller:profileinstaller:1.3.1] AndroidManifest.xml:38:13-36
146            android:permission="android.permission.DUMP" >
146-->[androidx.profileinstaller:profileinstaller:1.3.1] AndroidManifest.xml:39:13-57
147            <intent-filter>
147-->[androidx.profileinstaller:profileinstaller:1.3.1] AndroidManifest.xml:40:13-42:29
148                <action android:name="androidx.profileinstaller.action.INSTALL_PROFILE" />
148-->[androidx.profileinstaller:profileinstaller:1.3.1] AndroidManifest.xml:41:17-91
148-->[androidx.profileinstaller:profileinstaller:1.3.1] AndroidManifest.xml:41:25-88
149            </intent-filter>
150            <intent-filter>
150-->[androidx.profileinstaller:profileinstaller:1.3.1] AndroidManifest.xml:43:13-45:29
151                <action android:name="androidx.profileinstaller.action.SKIP_FILE" />
151-->[androidx.profileinstaller:profileinstaller:1.3.1] AndroidManifest.xml:44:17-85
151-->[androidx.profileinstaller:profileinstaller:1.3.1] AndroidManifest.xml:44:25-82
152            </intent-filter>
153            <intent-filter>
153-->[androidx.profileinstaller:profileinstaller:1.3.1] AndroidManifest.xml:46:13-48:29
154                <action android:name="androidx.profileinstaller.action.SAVE_PROFILE" />
154-->[androidx.profileinstaller:profileinstaller:1.3.1] AndroidManifest.xml:47:17-88
154-->[androidx.profileinstaller:profileinstaller:1.3.1] AndroidManifest.xml:47:25-85
155            </intent-filter>
156            <intent-filter>
156-->[androidx.profileinstaller:profileinstaller:1.3.1] AndroidManifest.xml:49:13-51:29
157                <action android:name="androidx.profileinstaller.action.BENCHMARK_OPERATION" />
157-->[androidx.profileinstaller:profileinstaller:1.3.1] AndroidManifest.xml:50:17-95
157-->[androidx.profileinstaller:profileinstaller:1.3.1] AndroidManifest.xml:50:25-92
158            </intent-filter>
159        </receiver>
160    </application>
161
162</manifest>